<?xml version="1.0" encoding="UTF-8"?>
<!-- Generated by org.testng.reporters.JUnitXMLReporter -->
<testsuite ignored="0" hostname="Jashwanth977" failures="0" tests="4" name="Fitness" time="5.925" errors="0" timestamp="2021-07-21T13:44:05 IST">
  <testcase classname="com.justdial.testcases.FitnessTestCases" name="fitness" time="1.673"/>
  <testcase classname="com.justdial.testcases.FitnessTestCases" name="fitnessMenu" time="0.079"/>
  <testcase classname="com.justdial.testcases.FitnessTestCases" name="gym" time="0.687"/>
  <testcase classname="com.justdial.testcases.FitnessTestCases" name="gymMenu" time="0.053"/>
</testsuite> <!-- Fitness -->
