<?xml version="1.0" encoding="UTF-8"?>
<!-- Generated by org.testng.reporters.JUnitXMLReporter -->
<testsuite ignored="0" hostname="Jashwanth977" failures="0" tests="6" name="Freelisting" time="24.166" errors="0" timestamp="2021-07-21T13:43:59 IST">
  <testcase classname="com.justdial.testcases.FreelistingTestCases" name="launch" time="7.191"/>
  <testcase classname="com.justdial.testcases.FreelistingTestCases" name="allNullValues" time="2.323"/>
  <testcase classname="com.justdial.testcases.FreelistingTestCases" name="companyNullValue" time="0.539"/>
  <testcase classname="com.justdial.testcases.FreelistingTestCases" name="mobileNullValue" time="4.115"/>
  <testcase classname="com.justdial.testcases.FreelistingTestCases" name="cityNullvalue" time="4.231"/>
  <testcase classname="com.justdial.testcases.FreelistingTestCases" name="validDataTest" time="1.508"/>
</testsuite> <!-- Freelisting -->
