<?xml version="1.0" encoding="UTF-8"?>
<!-- Generated by org.testng.reporters.JUnitXMLReporter -->
<testsuite ignored="0" hostname="Jashwanth977" failures="0" tests="10" name="Homepage" time="60.745" errors="0" timestamp="2021-07-21T13:43:34 IST">
  <testcase classname="com.justdial.testcases.HomepageTestCases" name="websiteTest" time="0.033"/>
  <testcase classname="com.justdial.testcases.HomepageTestCases" name="elementsTest" time="0.195"/>
  <testcase classname="com.justdial.testcases.HomepageTestCases" name="loginPageTest" time="0.177"/>
  <testcase classname="com.justdial.testcases.HomepageTestCases" name="locationTest" time="3.588"/>
  <testcase classname="com.justdial.testcases.HomepageTestCases" name="searchingTest" time="1.894"/>
  <testcase classname="com.justdial.testcases.HomepageTestCases" name="resultPageTest" time="0.06"/>
  <testcase classname="com.justdial.testcases.HomepageTestCases" name="bestdealsTest" time="3.33"/>
  <testcase classname="com.justdial.testcases.HomepageTestCases" name="ratingCheck" time="0.093"/>
  <testcase classname="com.justdial.testcases.HomepageTestCases" name="printData" time="33.454"/>
  <testcase classname="com.justdial.testcases.HomepageTestCases" name="dataFromMenubar" time="12.934"/>
</testsuite> <!-- Homepage -->
